<?xml version="1.0" encoding="UTF-8"?>
<!-- Generated by org.testng.reporters.JUnitReportReporter -->
<testsuite hostname="DESKTOP-LCIM85U" failures="0" tests="1" name="extentreport.ToLearnExtentReport" time="0.985" errors="0" timestamp="2024-07-08T10:38:51 IST" skipped="0">
  <testcase classname="extentreport.ToLearnExtentReport" name="report" time="0.985"/>
  <system-out/>
</testsuite> <!-- extentreport.ToLearnExtentReport -->
