<?xml version="1.0" encoding="UTF-8"?>
<!-- Generated by org.testng.reporters.JUnitReportReporter -->
<testsuite hostname="DESKTOP-LCIM85U" failures="0" tests="1" name="extentreport.AddScreenshotIntoReport" time="28.151" errors="0" timestamp="2024-07-09T09:31:31 IST" skipped="0">
  <testcase classname="extentreport.AddScreenshotIntoReport" name="screenshot" time="28.151"/>
  <system-out/>
</testsuite> <!-- extentreport.AddScreenshotIntoReport -->
